<?xml version="1.0" encoding="UTF-8"?>
<!-- Generated by org.testng.reporters.JUnitXMLReporter -->
<testsuite hostname="DESKTOP-BFPC3TG" ignored="1" name="Car Loan" tests="2" failures="0" timestamp="2020-04-30T02:38:21 IST" time="0.009" errors="0">
  <testcase name="RestAPIloginCarLoan" time="0.001" classname="Testng1.Test3"/>
  <testcase name="WebloginCarLoan" time="0.001" classname="Testng1.Test3"/>
  <testcase name="MobileloginCarLoan" time="0.0" classname="Testng1.Test3">
    <ignored/>
  </testcase> <!-- MobileloginCarLoan -->
</testsuite> <!-- Car Loan -->
