<?xml version="1.0" encoding="UTF-8"?>
<!-- Generated by org.testng.reporters.JUnitXMLReporter -->
<testsuite hostname="DESKTOP-BFPC3TG" ignored="1" name="Personal Loan" tests="5" failures="0" timestamp="2020-04-30T02:38:21 IST" time="0.146" errors="0">
  <testcase name="Demo" time="0.022" classname="Testng1.Test1"/>
  <testcase name="ploan" time="0.004" classname="Testng1.Test2"/>
  <testcase name="MobileloginHomeLoan" time="0.005" classname="Testng1.Test4"/>
  <testcase name="RestAPIloginHomeLoan" time="0.004" classname="Testng1.Test4"/>
  <testcase name="WebloginHomeLoan" time="0.003" classname="Testng1.Test4"/>
  <testcase name="SecondTest" time="0.0" classname="Testng1.Test1">
    <ignored/>
  </testcase> <!-- SecondTest -->
</testsuite> <!-- Personal Loan -->
